# JRE version: OpenJDK Runtime Environment (8.0_202-b03) (build 1.8.0_202-release-1483-b03)
# Java VM: OpenJDK 64-Bit Server VM (25.202-b03 mixed mode windows-amd64 compressed oops)
Heap:
 PSYoungGen      total 123392K, used 51684K [0x00000000e0000000, 0x00000000e8d80000, 0x0000000100000000)
  eden space 109056K, 47% used [0x00000000e0000000,0x00000000e32792b8,0x00000000e6a80000)
  from space 14336K, 0% used [0x00000000e7880000,0x00000000e7880000,0x00000000e8680000)
  to   space 14336K, 0% used [0x00000000e6a80000,0x00000000e6a80000,0x00000000e7880000)
 ParOldGen       total 146944K, used 33694K [0x00000000a0000000, 0x00000000a8f80000, 0x00000000e0000000)
  object space 146944K, 22% used [0x00000000a0000000,0x00000000a20e7a18,0x00000000a8f80000)
 Metaspace       used 60793K, capacity 62498K, committed 62616K, reserved 1103872K
  class space    used 8185K, capacity 8608K, committed 8616K, reserved 1048576K
GC Heap History (10 events):
Event: 26.017 GC heap before
{Heap before GC invocations=13 (full 2):
 PSYoungGen      total 79872K, used 1426K [0x00000000e0000000, 0x00000000e7100000, 0x0000000100000000)
  eden space 70144K, 0% used [0x00000000e0000000,0x00000000e0000000,0x00000000e4480000)
  from space 9728K, 14% used [0x00000000e4480000,0x00000000e45e4b08,0x00000000e4e00000)
  to   space 10240K, 0% used [0x00000000e6700000,0x00000000e6700000,0x00000000e7100000)
 ParOldGen       total 61952K, used 18311K [0x00000000a0000000, 0x00000000a3c80000, 0x00000000e0000000)
  object space 61952K, 29% used [0x00000000a0000000,0x00000000a11e1c18,0x00000000a3c80000)
 Metaspace       used 34733K, capacity 35422K, committed 35496K, reserved 1079296K
  class space    used 4789K, capacity 4994K, committed 5032K, reserved 1048576K
Event: 26.324 GC heap after
Heap after GC invocations=13 (full 2):
 PSYoungGen      total 79872K, used 0K [0x00000000e0000000, 0x00000000e7100000, 0x0000000100000000)
  eden space 70144K, 0% used [0x00000000e0000000,0x00000000e0000000,0x00000000e4480000)
  from space 9728K, 0% used [0x00000000e4480000,0x00000000e4480000,0x00000000e4e00000)
  to   space 10240K, 0% used [0x00000000e6700000,0x00000000e6700000,0x00000000e7100000)
 ParOldGen       total 92672K, used 15445K [0x00000000a0000000, 0x00000000a5a80000, 0x00000000e0000000)
  object space 92672K, 16% used [0x00000000a0000000,0x00000000a0f15620,0x00000000a5a80000)
 Metaspace       used 34725K, capacity 35398K, committed 35496K, reserved 1079296K
  class space    used 4786K, capacity 4990K, committed 5032K, reserved 1048576K
}
Event: 29.805 GC heap before
{Heap before GC invocations=14 (full 2):
 PSYoungGen      total 79872K, used 70144K [0x00000000e0000000, 0x00000000e7100000, 0x0000000100000000)
  eden space 70144K, 100% used [0x00000000e0000000,0x00000000e4480000,0x00000000e4480000)
  from space 9728K, 0% used [0x00000000e4480000,0x00000000e4480000,0x00000000e4e00000)
  to   space 10240K, 0% used [0x00000000e6700000,0x00000000e6700000,0x00000000e7100000)
 ParOldGen       total 92672K, used 15445K [0x00000000a0000000, 0x00000000a5a80000, 0x00000000e0000000)
  object space 92672K, 16% used [0x00000000a0000000,0x00000000a0f15620,0x00000000a5a80000)
 Metaspace       used 42893K, capacity 43732K, committed 44072K, reserved 1087488K
  class space    used 5816K, capacity 6070K, committed 6184K, reserved 1048576K
Event: 29.834 GC heap after
Heap after GC invocations=14 (full 2):
 PSYoungGen      total 98304K, used 9968K [0x00000000e0000000, 0x00000000e7100000, 0x0000000100000000)
  eden space 88064K, 0% used [0x00000000e0000000,0x00000000e0000000,0x00000000e5600000)
  from space 10240K, 97% used [0x00000000e6700000,0x00000000e70bc1e8,0x00000000e7100000)
  to   space 11264K, 0% used [0x00000000e5b00000,0x00000000e5b00000,0x00000000e6600000)
 ParOldGen       total 92672K, used 15453K [0x00000000a0000000, 0x00000000a5a80000, 0x00000000e0000000)
  object space 92672K, 16% used [0x00000000a0000000,0x00000000a0f17620,0x00000000a5a80000)
 Metaspace       used 42893K, capacity 43732K, committed 44072K, reserved 1087488K
  class space    used 5816K, capacity 6070K, committed 6184K, reserved 1048576K
}
Event: 34.684 GC heap before
{Heap before GC invocations=15 (full 2):
 PSYoungGen      total 98304K, used 98032K [0x00000000e0000000, 0x00000000e7100000, 0x0000000100000000)
  eden space 88064K, 100% used [0x00000000e0000000,0x00000000e5600000,0x00000000e5600000)
  from space 10240K, 97% used [0x00000000e6700000,0x00000000e70bc1e8,0x00000000e7100000)
  to   space 11264K, 0% used [0x00000000e5b00000,0x00000000e5b00000,0x00000000e6600000)
 ParOldGen       total 92672K, used 15453K [0x00000000a0000000, 0x00000000a5a80000, 0x00000000e0000000)
  object space 92672K, 16% used [0x00000000a0000000,0x00000000a0f17620,0x00000000a5a80000)
 Metaspace       used 49671K, capacity 50992K, committed 51112K, reserved 1093632K
  class space    used 6697K, capacity 7021K, committed 7080K, reserved 1048576K
Event: 34.732 GC heap after
Heap after GC invocations=15 (full 2):
 PSYoungGen      total 104448K, used 11249K [0x00000000e0000000, 0x00000000e8680000, 0x0000000100000000)
  eden space 93184K, 0% used [0x00000000e0000000,0x00000000e0000000,0x00000000e5b00000)
  from space 11264K, 99% used [0x00000000e5b00000,0x00000000e65fc468,0x00000000e6600000)
  to   space 14336K, 0% used [0x00000000e7880000,0x00000000e7880000,0x00000000e8680000)
 ParOldGen       total 92672K, used 19004K [0x00000000a0000000, 0x00000000a5a80000, 0x00000000e0000000)
  object space 92672K, 20% used [0x00000000a0000000,0x00000000a128f290,0x00000000a5a80000)
 Metaspace       used 49671K, capacity 50992K, committed 51112K, reserved 1093632K
  class space    used 6697K, capacity 7021K, committed 7080K, reserved 1048576K
}
Event: 43.648 GC heap before
{Heap before GC invocations=16 (full 2):
 PSYoungGen      total 104448K, used 104012K [0x00000000e0000000, 0x00000000e8680000, 0x0000000100000000)
  eden space 93184K, 99% used [0x00000000e0000000,0x00000000e5a96f28,0x00000000e5b00000)
  from space 11264K, 99% used [0x00000000e5b00000,0x00000000e65fc468,0x00000000e6600000)
  to   space 14336K, 0% used [0x00000000e7880000,0x00000000e7880000,0x00000000e8680000)
 ParOldGen       total 92672K, used 19004K [0x00000000a0000000, 0x00000000a5a80000, 0x00000000e0000000)
  object space 92672K, 20% used [0x00000000a0000000,0x00000000a128f290,0x00000000a5a80000)
 Metaspace       used 57390K, capacity 58988K, committed 59160K, reserved 1099776K
  class space    used 7795K, capacity 8205K, committed 8232K, reserved 1048576K
Event: 43.796 GC heap after
Heap after GC invocations=16 (full 2):
 PSYoungGen      total 123392K, used 10099K [0x00000000e0000000, 0x00000000e8d80000, 0x0000000100000000)
  eden space 109056K, 0% used [0x00000000e0000000,0x00000000e0000000,0x00000000e6a80000)
  from space 14336K, 70% used [0x00000000e7880000,0x00000000e825cc30,0x00000000e8680000)
  to   space 14336K, 0% used [0x00000000e6a80000,0x00000000e6a80000,0x00000000e7880000)
 ParOldGen       total 92672K, used 28514K [0x00000000a0000000, 0x00000000a5a80000, 0x00000000e0000000)
  object space 92672K, 30% used [0x00000000a0000000,0x00000000a1bd88f8,0x00000000a5a80000)
 Metaspace       used 57390K, capacity 58988K, committed 59160K, reserved 1099776K
  class space    used 7795K, capacity 8205K, committed 8232K, reserved 1048576K
}
Event: 43.796 GC heap before
{Heap before GC invocations=17 (full 3):
 PSYoungGen      total 123392K, used 10099K [0x00000000e0000000, 0x00000000e8d80000, 0x0000000100000000)
  eden space 109056K, 0% used [0x00000000e0000000,0x00000000e0000000,0x00000000e6a80000)
  from space 14336K, 70% used [0x00000000e7880000,0x00000000e825cc30,0x00000000e8680000)
  to   space 14336K, 0% used [0x00000000e6a80000,0x00000000e6a80000,0x00000000e7880000)
 ParOldGen       total 92672K, used 28514K [0x00000000a0000000, 0x00000000a5a80000, 0x00000000e0000000)
  object space 92672K, 30% used [0x00000000a0000000,0x00000000a1bd88f8,0x00000000a5a80000)
 Metaspace       used 57390K, capacity 58988K, committed 59160K, reserved 1099776K
  class space    used 7795K, capacity 8205K, committed 8232K, reserved 1048576K
Event: 45.744 GC heap after
Heap after GC invocations=17 (full 3):
 PSYoungGen      total 123392K, used 0K [0x00000000e0000000, 0x00000000e8d80000, 0x0000000100000000)
  eden space 109056K, 0% used [0x00000000e0000000,0x00000000e0000000,0x00000000e6a80000)
  from space 14336K, 0% used [0x00000000e7880000,0x00000000e7880000,0x00000000e8680000)
  to   space 14336K, 0% used [0x00000000e6a80000,0x00000000e6a80000,0x00000000e7880000)
 ParOldGen       total 146944K, used 33694K [0x00000000a0000000, 0x00000000a8f80000, 0x00000000e0000000)
  object space 146944K, 22% used [0x00000000a0000000,0x00000000a20e7a18,0x00000000a8f80000)
 Metaspace       used 57390K, capacity 58988K, committed 59160K, reserved 1099776K
  class space    used 7795K, capacity 8205K, committed 8232K, reserved 1048576K
}

